<?xml version="1.0" encoding="UTF-8"?>
<testsuite xmlns:xsi="http://www.w3.org/2001/XMLSchema-instance" xsi:noNamespaceSchemaLocation="https://maven.apache.org/surefire/maven-surefire-plugin/xsd/surefire-test-report.xsd" name="it.polito.po.test.TestR4_LoadFile" time="0.001" tests="6" errors="2" skipped="0" failures="0">
  <properties>
[...]
</properties>
  <testcase name="testTrivialErrors" classname="it.polito.po.test.TestR4_LoadFile" time="0"/>
  <testcase name="testSpecialErrorsEmptyLine" classname="it.polito.po.test.TestR4_LoadFile" time="0"/>
  <testcase name="testSpecialErrorsExtraBlanks" classname="it.polito.po.test.TestR4_LoadFile" time="0.001">
    <error type="clinic.NoSuchPatient">clinic.NoSuchPatient
	at it.polito.po.test.TestR4_LoadFile.testSpecialErrorsExtraBlanks(TestR4_LoadFile.java:85)
</error>
  </testcase>
  <testcase name="testLoading" classname="it.polito.po.test.TestR4_LoadFile" time="0"/>
  <testcase name="testTrivialErrorsListener" classname="it.polito.po.test.TestR4_LoadFile" time="0"/>
  <testcase name="testSubtleErrorsIdNotInt" classname="it.polito.po.test.TestR4_LoadFile" time="0">
    <error message="For input string: &quot;B45&quot;" type="java.lang.NumberFormatException">java.lang.NumberFormatException: For input string: "B45"
	at it.polito.po.test.TestR4_LoadFile.testSubtleErrorsIdNotInt(TestR4_LoadFile.java:117)
</error>
  </testcase>
</testsuite>