<?xml version="1.0" encoding="UTF-8"?>
<testsuite xmlns:xsi="http://www.w3.org/2001/XMLSchema-instance" xsi:noNamespaceSchemaLocation="https://maven.apache.org/surefire/maven-surefire-plugin/xsd/surefire-test-report.xsd" name="it.polito.po.test.TestR1_4" time="0.108" tests="11" errors="0" skipped="4" failures="0">
  <properties>
[...]
</properties>
  <testcase name="testCourseActivation" classname="it.polito.po.test.TestR1_4" time="0.044"/>
  <testcase name="testStudents" classname="it.polito.po.test.TestR1_4" time="0.005"/>
  <testcase name="testNameRector" classname="it.polito.po.test.TestR1_4" time="0"/>
  <testcase name="testStudyPlan" classname="it.polito.po.test.TestR1_4" time="0.006"/>
  <testcase name="testCoursesWrong" classname="it.polito.po.test.TestR1_4" time="0">
    <skipped message="Input sanitization was not in the requirements, so not checking it."/>
  </testcase>
  <testcase name="testAttendees" classname="it.polito.po.test.TestR1_4" time="0.003"/>
  <testcase name="testAttendeesWrong" classname="it.polito.po.test.TestR1_4" time="0">
    <skipped message="Input sanitization was not in the requirements, so not checking it."/>
  </testcase>
  <testcase name="testCourses" classname="it.polito.po.test.TestR1_4" time="0.001"/>
  <testcase name="testEnroll" classname="it.polito.po.test.TestR1_4" time="0.002"/>
  <testcase name="testStudyPlanWrong" classname="it.polito.po.test.TestR1_4" time="0">
    <skipped message="Input sanitization was not in the requirements, so not checking it."/>
  </testcase>
  <testcase name="testWrongStudent" classname="it.polito.po.test.TestR1_4" time="0">
    <skipped message="Input sanitization was not in the requirements, so not checking it."/>
  </testcase>
</testsuite>